make all --print-data-base --no-builtin-variables --no-builtin-rules --question
make: *** No rule to make target 'all'.  Stop.
 
# GNU Make 4.3
# Built for x86_64-pc-linux-gnu
# Copyright (C) 1988-2020 Free Software Foundation, Inc.
# License GPLv3+: GNU GPL version 3 or later <http://gnu.org/licenses/gpl.html>
# This is free software: you are free to change and redistribute it.
# There is NO WARRANTY, to the extent permitted by law.

# Make data base, printed on Thu Aug 12 20:47:30 2021

# Variables

# environment
CADENCE_AUTO_STARTED = true
# environment
GDK_BACKEND = x11
# environment
LC_ALL = C
# environment
GTK_RC_FILES = /etc/gtk/gtkrc:/home/tumble/.gtkrc:/home/tumble/.config/gtkrc
# environment
VSCODE_IPC_HOOK_EXTHOST = /run/user/1000/vscode-ipc-a398ebd3-da88-427d-bdf1-29d7fe3faa5e.sock
# environment
VSCODE_CWD = /home/tumble
# environment
NVM_DIR = /home/tumble/.local/share/nvm
# default
MAKE_COMMAND := make
# environment
rvm_user_install_flag = 0
# environment
GTK3_MODULES = xapp-gtk3-module
# environment
QT_ACCESSIBILITY = 1
# environment
LADSPA_PATH = /home/tumble/.ladspa:/usr/lib/ladspa:/usr/local/lib/ladspa
# environment
rvm_bin_path = /usr/local/rvm/bin
# automatic
@D = $(patsubst %/,%,$(dir $@))
# environment
rvm_loaded_flag = 1
# environment
VSCODE_HANDLES_UNCAUGHT_ERRORS = true
# default
.VARIABLES := 
# environment
PWD = /home/tumble/Documents/dev/cpp/cinnabar/cinnabar
# automatic
%D = $(patsubst %/,%,$(dir $%))
# automatic
^D = $(patsubst %/,%,$(dir $^))
# environment
VSCODE_LOG_STACK = false
# automatic
%F = $(notdir $%)
# environment
rvm_stored_umask = 0022
# environment
NVM_INC = /home/tumble/.local/share/nvm/versions/node/v11.15.0/include/node
# environment
VSCODE_CODE_CACHE_PATH = /home/tumble/.config/VSCodium/CachedData/379476f0e13988d90fab105c5c19e7abc8b1dea8
# environment
XDG_SESSION_PATH = /org/freedesktop/DisplayManager/Session1
# environment
LANG = C
# environment
XAUTHORITY = /home/tumble/.Xauthority
# default
.LOADED := 
# default
.INCLUDE_DIRS = /usr/local/include /usr/include /usr/include
# environment
GEM_PATH = /usr/local/rvm/gems/ruby-2.7.1:/usr/local/rvm/gems/ruby-2.7.1@global
# makefile
MAKEFLAGS = pqrR
# environment
DEVKITARM = /opt/devkitpro/devkitARM
# makefile
CURDIR := /home/tumble/Documents/dev/cpp/cinnabar/cinnabar
# environment
VSCODE_PIPE_LOGGING = true
# environment
APPLICATION_INSIGHTS_NO_DIAGNOSTIC_CHANNEL = true
# automatic
*D = $(patsubst %/,%,$(dir $*))
# environment
PAM_KWALLET5_LOGIN = /run/user/1000/kwallet5.socket
# environment
MFLAGS = -pqrR
# environment
SSH_AUTH_SOCK = /tmp/ssh-xQHBwTLrMCO4/agent.1350
# default
.SHELLFLAGS := -c
# environment
NVM_BIN = /home/tumble/.local/share/nvm/versions/node/v11.15.0/bin
# automatic
+D = $(patsubst %/,%,$(dir $+))
# environment
GIT_ASKPASS = /usr/bin/ksshaskpass
# environment
XCURSOR_THEME = breeze_cursors
# environment
VSCODE_CRASH_REPORTER_START_OPTIONS = {"companyName":"Microsoft","productName":"VSCodium","submitURL":"","uploadToServer":false}
# environment
XDG_SESSION_DESKTOP = KDE
# makefile
MAKEFILE_LIST := 
# environment
LV2_PATH = /home/tumble/.lv2:/usr/lib/lv2:/usr/local/lib/lv2
# automatic
@F = $(notdir $@)
# environment
VSCODE_VERBOSE_LOGGING = true
# environment
VSCODE_PID = 115669
# environment
XDG_SESSION_TYPE = x11
# automatic
?D = $(patsubst %/,%,$(dir $?))
# environment
DEVKITPPC = /opt/devkitpro/devkitPPC
# environment
MY_RUBY_HOME = /usr/local/rvm/rubies/ruby-2.7.1
# environment
SESSION_MANAGER = local/tumble-pc:@/tmp/.ICE-unix/1791,unix/tumble-pc:/tmp/.ICE-unix/1791
# automatic
*F = $(notdir $*)
# environment
VST_PATH = /home/tumble/.vst:/usr/lib/vst:/usr/local/lib/vst
# environment
CHROME_DESKTOP = codium-url-handler.desktop
# environment
DBUS_SESSION_BUS_ADDRESS = unix:path=/run/user/1000/bus
# automatic
<D = $(patsubst %/,%,$(dir $<))
# environment
RVM_DIR = /home/tumble/.local/share/rvm
# environment
VSCODE_NLS_CONFIG = {"locale":"en-gb","availableLanguages":{},"_languagePackSupport":true}
# environment
BREAKPAD_DUMP_LOCATION = /home/tumble/.config/VSCodium/exthost Crash Reports
# default
MAKE_HOST := x86_64-pc-linux-gnu
# makefile
SHELL = /bin/sh
# default
MAKECMDGOALS := all
# environment
XMODIFIERS = @im=ibus
# environment
SHLVL = 0
# environment
rvm_path = /usr/local/rvm
# environment
JENV_LOADED = 1
# environment
MAKELEVEL := 0
# default
MAKE = $(MAKE_COMMAND)
# environment
PATH = /home/tumble/.jenv/shims:/home/tumble/.local/share/jenv/bin:/home/tumble/.local/bin:/opt/devkitpro/tools/bin:/home/tumble/.local/share/nvm/versions/node/v11.15.0/bin:/usr/local/rvm/gems/ruby-2.7.1/bin:/usr/local/rvm/gems/ruby-2.7.1@global/bin:/usr/local/rvm/rubies/ruby-2.7.1/bin:/opt/devkitpro/tools/bin:/usr/local/bin:/usr/bin:/bin:/usr/local/games:/usr/games:/usr/local/rvm/bin:/home/tumble/.local/bin:/home/tumble/.rvm/bin
# default
MAKEFILES := 
# environment
LANGUAGE = 
# automatic
^F = $(notdir $^)
# environment
SARPNT_PORT = 6980
# environment
LC_TIME = en_US.UTF-8
# environment
JENV_SHELL = bash
# environment
VSCODE_LOG_NATIVE = false
# environment
DOCKER_HOST = tcp://127.0.0.1:2375
# automatic
?F = $(notdir $?)
# environment
KDE_APPLICATIONS_AS_SCOPE = 1
# environment
DEVKITPRO = /opt/devkitpro
# environment
XDG_SEAT = seat0
# environment
GTK_IM_MODULE = ibus
# environment
DSSI_PATH = /home/tumble/.dssi:/usr/lib/dssi:/usr/local/lib/dssi
# environment
XDG_CURRENT_DESKTOP = KDE
# environment
LS_COLORS = 
# automatic
+F = $(notdir $+)
# environment
XDG_SEAT_PATH = /org/freedesktop/DisplayManager/Seat0
# environment
DESKTOP_SESSION = plasma
# environment
ORIGINAL_XDG_CURRENT_DESKTOP = KDE
# environment
IRBRC = /usr/local/rvm/rubies/ruby-2.7.1/.irbrc
# 'override' directive
GNUMAKEFLAGS := 
# environment
QT_SCREEN_SCALE_FACTORS = DVI-D-0=1;HDMI-0=1;DP-0=1;DP-1=1;DP-2=1;DP-3=1;DP-4=1;DP-5=1;
# environment
CLUTTER_IM_MODULE = ibus
# environment
LOGNAME = tumble
# environment
GIO_LAUNCHED_DESKTOP_FILE = /usr/share/applications/codium.desktop
# environment
XDG_VTNR = 7
# makefile
.DEFAULT_GOAL := 
# environment
rvm_version = 1.29.12 (latest)
# environment
DISPLAY = :0
# environment
USER = tumble
# default
MAKE_VERSION := 4.3
# environment
KDE_SESSION_UID = 1000
# environment
GIO_LAUNCHED_DESKTOP_FILE_PID = 115669
# environment
SSH_AGENT_PID = 1603
# environment
_ = /usr/share/codium/codium
# environment
XDG_RUNTIME_DIR = /run/user/1000
# environment
GEM_HOME = /usr/local/rvm/gems/ruby-2.7.1
# environment
GPG_AGENT_INFO = /run/user/1000/gnupg/S.gpg-agent:0:1
# environment
NVM_CD_FLAGS = 
# environment
XDG_SESSION_CLASS = user
# environment
VSCODE_AMD_ENTRYPOINT = vs/workbench/services/extensions/node/extensionHostProcess
# environment
GTK2_RC_FILES = /etc/gtk-2.0/gtkrc:/home/tumble/.gtkrc-2.0:/home/tumble/.config/gtkrc-2.0
# environment
HOME = /home/tumble
# environment
QT_IM_MODULE = ibus
# environment
ELECTRON_RUN_AS_NODE = 1
# environment
VSCODE_IPC_HOOK = /run/user/1000/vscode-19ee9d75-1.59.0-main.sock
# environment
XDG_SESSION_ID = 3
# environment
XCURSOR_SIZE = 24
# default
.RECIPEPREFIX := 
# automatic
<F = $(notdir $<)
# default
SUFFIXES := 
# environment
QT_AUTO_SCREEN_SCALE_FACTOR = 0
# environment
KDE_SESSION_VERSION = 5
# default
.FEATURES := target-specific order-only second-expansion else-if shortest-stem undefine oneshell nocomment grouped-target extra-prereqs archives jobserver output-sync check-symlink load
# environment
rvm_prefix = /usr/local
# environment
KDE_FULL_SESSION = true
# environment
RUBY_VERSION = ruby-2.7.1
# variable set hash-table stats:
# Load=133/1024=13%, Rehash=0, Collisions=7/160=4%

# Pattern-specific Variable Values

# No pattern-specific variable values.

# Directories

# . (device 2065, inode 9445402): 16 files, no impossibilities.

# 16 files, no impossibilities in 1 directories.

# Implicit Rules

# No implicit rules.

# Files
 

# Not a target:
Makefile:
#  Implicit rule search has been done.
#  File does not exist.
#  File has been updated.
#  Failed to be updated.

# Not a target:
.DEFAULT:
#  Implicit rule search has not been done.
#  Modification time never checked.
#  File has not been updated.

# Not a target:
all:
#  Command line target.
#  Implicit rule search has been done.
#  File does not exist.
#  File has not been updated.

# Not a target:
makefile:
#  Implicit rule search has been done.
#  File does not exist.
#  File has been updated.
#  Failed to be updated.

# Not a target:
GNUmakefile:
#  Implicit rule search has been done.
#  File does not exist.
#  File has been updated.
#  Failed to be updated.

# files hash-table stats:
# Load=6/1024=1%, Rehash=0, Collisions=0/15=0%
# VPATH Search Paths

# No 'vpath' search paths.

# No general ('VPATH' variable) search path.

# strcache buffers: 1 (0) / strings = 24 / storage = 216 B / avg = 9 B
# current buf: size = 8162 B / used = 216 B / count = 24 / avg = 9 B

# strcache performance: lookups = 27 / hit rate = 11%
# hash-table stats:
# Load=24/8192=0%, Rehash=0, Collisions=0/27=0%
# Finished Make data base on Thu Aug 12 20:47:30 2021

 
